2019-12-18 13:06:09,037 [Worker-5: Loading available Gradle versions] INFO  o.e.b.c.i.u.g.PublishedGradleVersions - Gradle version information cache is up-to-date. Trying to read.
2019-12-18 13:13:14,623 [Worker-3: Importing Maven projects] INFO  o.e.m.j.i.AbstractJavaProjectConfigurator - Adding source folder /tacos/src/main/java
2019-12-18 13:13:14,625 [Worker-3: Importing Maven projects] INFO  o.e.m.j.i.AbstractJavaProjectConfigurator - Adding resource folder /tacos/src/main/resources
2019-12-18 13:13:14,631 [Worker-3: Importing Maven projects] INFO  o.e.m.j.i.AbstractJavaProjectConfigurator - Adding resource folder /tacos/src/main/resources
2019-12-18 13:13:14,634 [Worker-3: Importing Maven projects] INFO  o.e.m.j.i.AbstractJavaProjectConfigurator - Adding source folder /tacos/src/test/java
2019-12-18 13:13:15,317 [Worker-3: Importing Maven projects] INFO  o.e.m.c.i.p.ProjectConfigurationManager - Imported and configured 1 project(s) in 2 sec
2019-12-18 13:13:17,128 [Worker-3: Building workspace] INFO  o.e.m.c.i.embedder.EclipseLogger - Using 'UTF-8' encoding to copy filtered resources.
2019-12-18 13:13:17,131 [Worker-3: Building workspace] INFO  o.e.m.c.i.embedder.EclipseLogger - Copying 1 resource
2019-12-18 13:13:17,148 [Worker-3: Building workspace] INFO  o.e.m.c.i.embedder.EclipseLogger - Copying 10 resources
2019-12-18 13:13:17,195 [Worker-3: Building workspace] INFO  o.e.m.c.i.embedder.EclipseLogger - Using 'UTF-8' encoding to copy filtered resources.
2019-12-18 13:13:17,195 [Worker-3: Building workspace] INFO  o.e.m.c.i.embedder.EclipseLogger - skip non existing resourceDirectory C:\Users\Annika\Desktop\(IDE)\W.O.R.K.S\SpringToolSuite\CLASSWORK\chap5\tacos\src\test\resources
2019-12-19 08:57:03,959 [Worker-2: Loading available Gradle versions] INFO  o.e.b.c.i.u.g.PublishedGradleVersions - Gradle version information cache is up-to-date. Trying to read.
2019-12-19 08:57:08,531 [Worker-8: Building workspace] INFO  o.e.m.c.i.embedder.EclipseLogger - Using 'UTF-8' encoding to copy filtered resources.
2019-12-19 08:57:08,535 [Worker-8: Building workspace] INFO  o.e.m.c.i.embedder.EclipseLogger - Copying 1 resource
2019-12-19 08:57:08,551 [Worker-8: Building workspace] INFO  o.e.m.c.i.embedder.EclipseLogger - Copying 10 resources
2019-12-19 08:57:08,556 [Worker-8: Building workspace] INFO  o.e.m.c.i.embedder.EclipseLogger - Using 'UTF-8' encoding to copy filtered resources.
2019-12-19 08:57:08,556 [Worker-8: Building workspace] INFO  o.e.m.c.i.embedder.EclipseLogger - skip non existing resourceDirectory C:\Users\Annika\Desktop\(IDE)\W.O.R.K.S\SpringToolSuite\CLASSWORK\chap5\tacos\src\test\resources
2019-12-19 08:58:04,676 [Worker-10: Building workspace] INFO  o.e.m.c.i.embedder.EclipseLogger - Using 'UTF-8' encoding to copy filtered resources.
2019-12-19 08:58:04,677 [Worker-10: Building workspace] INFO  o.e.m.c.i.embedder.EclipseLogger - Copying 0 resource
2019-12-19 08:58:04,677 [Worker-10: Building workspace] INFO  o.e.m.c.i.embedder.EclipseLogger - Copying 0 resource
2019-12-19 08:58:04,679 [Worker-10: Building workspace] INFO  o.e.m.c.i.embedder.EclipseLogger - Using 'UTF-8' encoding to copy filtered resources.
2019-12-19 08:58:04,679 [Worker-10: Building workspace] INFO  o.e.m.c.i.embedder.EclipseLogger - skip non existing resourceDirectory C:\Users\Annika\Desktop\(IDE)\W.O.R.K.S\SpringToolSuite\CLASSWORK\chap5\tacos\src\test\resources
